<?xml version="1.0" encoding="UTF-8"?>
<testng-results ignored="0" total="1" passed="1" failed="0" skipped="0">
  <reporter-output>
  </reporter-output>
  <suite started-at="2022-08-16T14:44:32 IST" name="Default suite" finished-at="2022-08-16T14:44:42 IST" duration-ms="10255">
    <groups>
    </groups>
    <test started-at="2022-08-16T14:44:32 IST" name="Default test" finished-at="2022-08-16T14:44:42 IST" duration-ms="10255">
      <class name="Demo.DemoTest">
        <test-method signature="demoTest()[pri:0, instance:Demo.DemoTest@34f5090e]" started-at="2022-08-16T14:44:32 IST" name="demoTest" finished-at="2022-08-16T14:44:42 IST" duration-ms="10200" status="PASS">
          <reporter-output>
          </reporter-output>
        </test-method> <!-- demoTest -->
      </class> <!-- Demo.DemoTest -->
    </test> <!-- Default test -->
  </suite> <!-- Default suite -->
</testng-results>
